\BOOKMARK [1][-]{section.1}{probabilidad y estadistica}{}% 1
\BOOKMARK [2][-]{subsection.1.1}{Eventos independientes}{section.1}% 2
\BOOKMARK [2][-]{subsection.1.2}{Leyes de morgan}{section.1}% 3
\BOOKMARK [2][-]{subsection.1.3}{probabilidades separadas con probabilidad mayoritaria}{section.1}% 4
\BOOKMARK [1][-]{section.2}{Matematicas Discretas}{}% 5
\BOOKMARK [1][-]{section.3}{Ecuaciones Diferenciales}{}% 6
\BOOKMARK [2][-]{subsection.3.1}{Linealidad}{section.3}% 7
\BOOKMARK [2][-]{subsection.3.2}{ecuaciones homogeneas}{section.3}% 8
\BOOKMARK [3][-]{subsubsection.3.2.1}{Funcion homogenea grado n}{subsection.3.2}% 9
\BOOKMARK [2][-]{subsection.3.3}{Ecuaciones diferenciales exactas}{section.3}% 10
\BOOKMARK [2][-]{subsection.3.4}{Ecuacion de Bernoullu}{section.3}% 11
\BOOKMARK [2][-]{subsection.3.5}{Ecuacion de Ricatt}{section.3}% 12
\BOOKMARK [2][-]{subsection.3.6}{Factor Integrante}{section.3}% 13
\BOOKMARK [2][-]{subsection.3.7}{Ecuaciones diferenciales lineales}{section.3}% 14
\BOOKMARK [2][-]{subsection.3.8}{Reduccion De Orden}{section.3}% 15
\BOOKMARK [2][-]{subsection.3.9}{Ecuacion de coeficientes constantes}{section.3}% 16
\BOOKMARK [2][-]{subsection.3.10}{variacion de parametros}{section.3}% 17
\BOOKMARK [2][-]{subsection.3.11}{Coeficientes indeterminados}{section.3}% 18
\BOOKMARK [1][-]{section.4}{Calculo numerico}{}% 19
\BOOKMARK [2][-]{subsection.4.1}{Polinomio de taylor}{section.4}% 20
\BOOKMARK [2][-]{subsection.4.2}{Newton Raphson}{section.4}% 21
\BOOKMARK [2][-]{subsection.4.3}{complemento a uno}{section.4}% 22
\BOOKMARK [2][-]{subsection.4.4}{complemento a dos}{section.4}% 23
\BOOKMARK [2][-]{subsection.4.5}{convertir de punto flotante a decimal}{section.4}% 24
\BOOKMARK [2][-]{subsection.4.6}{convertir de decimal a punto flotante}{section.4}% 25
\BOOKMARK [2][-]{subsection.4.7}{Convertir de decimal fraccionario a binario}{section.4}% 26
\BOOKMARK [2][-]{subsection.4.8}{Punto Fijo}{section.4}% 27
\BOOKMARK [2][-]{subsection.4.9}{Diferencias Divididas}{section.4}% 28
\BOOKMARK [2][-]{subsection.4.10}{Polinomio de lagrange}{section.4}% 29
